<?xml version="1.0" encoding="UTF-8"?>
<testsuite xmlns:xsi="http://www.w3.org/2001/XMLSchema-instance" xsi:noNamespaceSchemaLocation="https://maven.apache.org/surefire/maven-surefire-plugin/xsd/surefire-test-report-3.0.xsd" version="3.0" name="GraphParserTest" time="0.042" tests="12" errors="0" skipped="0" failures="0">
  <properties>
    <property name="java.specification.version" value="17"/>
    <property name="sun.jnu.encoding" value="UTF-8"/>
    <property name="java.class.path" value="/Users/kevinjohnson/Downloads/CSE-464-2023-kljohn71-main/CSE-464-2023-kljohn71-1/CSE464-Part1/target/test-classes:/Users/kevinjohnson/Downloads/CSE-464-2023-kljohn71-main/CSE-464-2023-kljohn71-1/CSE464-Part1/target/classes:/Users/kevinjohnson/.m2/repository/guru/nidi/graphviz-java/0.18.1/graphviz-java-0.18.1.jar:/Users/kevinjohnson/.m2/repository/org/webjars/npm/viz.js-graphviz-java/2.1.3/viz.js-graphviz-java-2.1.3.jar:/Users/kevinjohnson/.m2/repository/guru/nidi/com/kitfox/svgSalamander/1.1.3/svgSalamander-1.1.3.jar:/Users/kevinjohnson/.m2/repository/net/arnx/nashorn-promise/0.1.1/nashorn-promise-0.1.1.jar:/Users/kevinjohnson/.m2/repository/org/apache/commons/commons-exec/1.3/commons-exec-1.3.jar:/Users/kevinjohnson/.m2/repository/com/google/code/findbugs/jsr305/3.0.2/jsr305-3.0.2.jar:/Users/kevinjohnson/.m2/repository/org/slf4j/jcl-over-slf4j/1.7.30/jcl-over-slf4j-1.7.30.jar:/Users/kevinjohnson/.m2/repository/org/slf4j/jul-to-slf4j/1.7.30/jul-to-slf4j-1.7.30.jar:/Users/kevinjohnson/.m2/repository/guru/nidi/com/eclipsesource/j2v8/j2v8_macosx_x86_64/4.6.0/j2v8_macosx_x86_64-4.6.0.jar:/Users/kevinjohnson/.m2/repository/org/slf4j/slf4j-api/1.7.30/slf4j-api-1.7.30.jar:/Users/kevinjohnson/.m2/repository/junit/junit/4.13.1/junit-4.13.1.jar:/Users/kevinjohnson/.m2/repository/org/hamcrest/hamcrest-core/1.3/hamcrest-core-1.3.jar:"/>
    <property name="java.vm.vendor" value="Oracle Corporation"/>
    <property name="sun.arch.data.model" value="64"/>
    <property name="java.vendor.url" value="https://java.oracle.com/"/>
    <property name="os.name" value="Mac OS X"/>
    <property name="java.vm.specification.version" value="17"/>
    <property name="sun.java.launcher" value="SUN_STANDARD"/>
    <property name="user.country" value="US"/>
    <property name="sun.boot.library.path" value="/Library/Java/JavaVirtualMachines/jdk-17.jdk/Contents/Home/lib"/>
    <property name="sun.java.command" value="/Users/kevinjohnson/Downloads/CSE-464-2023-kljohn71-main/CSE-464-2023-kljohn71-1/CSE464-Part1/target/surefire/surefirebooter-20231201122518545_3.jar /Users/kevinjohnson/Downloads/CSE-464-2023-kljohn71-main/CSE-464-2023-kljohn71-1/CSE464-Part1/target/surefire 2023-12-01T12-25-18_496-jvmRun1 surefire-20231201122518545_1tmp surefire_0-20231201122518545_2tmp"/>
    <property name="http.nonProxyHosts" value="local|*.local|169.254/16|*.169.254/16"/>
    <property name="jdk.debug" value="release"/>
    <property name="surefire.test.class.path" value="/Users/kevinjohnson/Downloads/CSE-464-2023-kljohn71-main/CSE-464-2023-kljohn71-1/CSE464-Part1/target/test-classes:/Users/kevinjohnson/Downloads/CSE-464-2023-kljohn71-main/CSE-464-2023-kljohn71-1/CSE464-Part1/target/classes:/Users/kevinjohnson/.m2/repository/guru/nidi/graphviz-java/0.18.1/graphviz-java-0.18.1.jar:/Users/kevinjohnson/.m2/repository/org/webjars/npm/viz.js-graphviz-java/2.1.3/viz.js-graphviz-java-2.1.3.jar:/Users/kevinjohnson/.m2/repository/guru/nidi/com/kitfox/svgSalamander/1.1.3/svgSalamander-1.1.3.jar:/Users/kevinjohnson/.m2/repository/net/arnx/nashorn-promise/0.1.1/nashorn-promise-0.1.1.jar:/Users/kevinjohnson/.m2/repository/org/apache/commons/commons-exec/1.3/commons-exec-1.3.jar:/Users/kevinjohnson/.m2/repository/com/google/code/findbugs/jsr305/3.0.2/jsr305-3.0.2.jar:/Users/kevinjohnson/.m2/repository/org/slf4j/jcl-over-slf4j/1.7.30/jcl-over-slf4j-1.7.30.jar:/Users/kevinjohnson/.m2/repository/org/slf4j/jul-to-slf4j/1.7.30/jul-to-slf4j-1.7.30.jar:/Users/kevinjohnson/.m2/repository/guru/nidi/com/eclipsesource/j2v8/j2v8_macosx_x86_64/4.6.0/j2v8_macosx_x86_64-4.6.0.jar:/Users/kevinjohnson/.m2/repository/org/slf4j/slf4j-api/1.7.30/slf4j-api-1.7.30.jar:/Users/kevinjohnson/.m2/repository/junit/junit/4.13.1/junit-4.13.1.jar:/Users/kevinjohnson/.m2/repository/org/hamcrest/hamcrest-core/1.3/hamcrest-core-1.3.jar:"/>
    <property name="sun.cpu.endian" value="little"/>
    <property name="user.home" value="/Users/kevinjohnson"/>
    <property name="user.language" value="en"/>
    <property name="java.specification.vendor" value="Oracle Corporation"/>
    <property name="java.version.date" value="2023-07-18"/>
    <property name="java.home" value="/Library/Java/JavaVirtualMachines/jdk-17.jdk/Contents/Home"/>
    <property name="file.separator" value="/"/>
    <property name="basedir" value="/Users/kevinjohnson/Downloads/CSE-464-2023-kljohn71-main/CSE-464-2023-kljohn71-1/CSE464-Part1"/>
    <property name="java.vm.compressedOopsMode" value="Zero based"/>
    <property name="line.separator" value="&#10;"/>
    <property name="java.specification.name" value="Java Platform API Specification"/>
    <property name="java.vm.specification.vendor" value="Oracle Corporation"/>
    <property name="surefire.real.class.path" value="/Users/kevinjohnson/Downloads/CSE-464-2023-kljohn71-main/CSE-464-2023-kljohn71-1/CSE464-Part1/target/surefire/surefirebooter-20231201122518545_3.jar"/>
    <property name="sun.management.compiler" value="HotSpot 64-Bit Tiered Compilers"/>
    <property name="ftp.nonProxyHosts" value="local|*.local|169.254/16|*.169.254/16"/>
    <property name="java.runtime.version" value="17.0.8+9-LTS-211"/>
    <property name="user.name" value="kevinjohnson"/>
    <property name="path.separator" value=":"/>
    <property name="os.version" value="13.4.1"/>
    <property name="java.runtime.name" value="Java(TM) SE Runtime Environment"/>
    <property name="file.encoding" value="UTF-8"/>
    <property name="java.vm.name" value="Java HotSpot(TM) 64-Bit Server VM"/>
    <property name="localRepository" value="/Users/kevinjohnson/.m2/repository"/>
    <property name="java.vendor.url.bug" value="https://bugreport.java.com/bugreport/"/>
    <property name="java.io.tmpdir" value="/var/folders/_6/grbx41nj2dzg2c3rppfmnkm00000gp/T/"/>
    <property name="java.version" value="17.0.8"/>
    <property name="user.dir" value="/Users/kevinjohnson/Downloads/CSE-464-2023-kljohn71-main/CSE-464-2023-kljohn71-1/CSE464-Part1"/>
    <property name="os.arch" value="aarch64"/>
    <property name="java.vm.specification.name" value="Java Virtual Machine Specification"/>
    <property name="native.encoding" value="UTF-8"/>
    <property name="java.library.path" value="/Users/kevinjohnson/Library/Java/Extensions:/Library/Java/Extensions:/Network/Library/Java/Extensions:/System/Library/Java/Extensions:/usr/lib/java:."/>
    <property name="java.vm.info" value="mixed mode, sharing"/>
    <property name="java.vendor" value="Oracle Corporation"/>
    <property name="java.vm.version" value="17.0.8+9-LTS-211"/>
    <property name="sun.io.unicode.encoding" value="UnicodeBig"/>
    <property name="socksNonProxyHosts" value="local|*.local|169.254/16|*.169.254/16"/>
    <property name="java.class.version" value="61.0"/>
  </properties>
  <testcase name="testParseGraph" classname="GraphParserTest" time="0.004">
    <system-out><![CDATA[Output DOT file path: /Users/kevinjohnson/Downloads/CSE-464-2023-kljohn71-main/CSE-464-2023-kljohn71-1/CSE464-Part1/test/output_graph.dot
]]></system-out>
  </testcase>
  <testcase name="testOutputDOTGraph" classname="GraphParserTest" time="0.007">
    <system-out><![CDATA[Output DOT file path: /Users/kevinjohnson/Downloads/CSE-464-2023-kljohn71-main/CSE-464-2023-kljohn71-1/CSE464-Part1/test/output_graph.dot
]]></system-out>
    <system-err><![CDATA[java.io.FileNotFoundException: original_test_graph.dot (No such file or directory)
	at java.base/java.io.FileInputStream.open0(Native Method)
	at java.base/java.io.FileInputStream.open(FileInputStream.java:216)
	at java.base/java.io.FileInputStream.<init>(FileInputStream.java:157)
	at java.base/java.io.FileInputStream.<init>(FileInputStream.java:111)
	at java.base/java.io.FileReader.<init>(FileReader.java:60)
	at GraphParserTest.testOutputDOTGraph(GraphParserTest.java:74)
	at java.base/jdk.internal.reflect.NativeMethodAccessorImpl.invoke0(Native Method)
	at java.base/jdk.internal.reflect.NativeMethodAccessorImpl.invoke(NativeMethodAccessorImpl.java:77)
	at java.base/jdk.internal.reflect.DelegatingMethodAccessorImpl.invoke(DelegatingMethodAccessorImpl.java:43)
	at java.base/java.lang.reflect.Method.invoke(Method.java:568)
	at org.junit.runners.model.FrameworkMethod$1.runReflectiveCall(FrameworkMethod.java:59)
	at org.junit.internal.runners.model.ReflectiveCallable.run(ReflectiveCallable.java:12)
	at org.junit.runners.model.FrameworkMethod.invokeExplosively(FrameworkMethod.java:56)
	at org.junit.internal.runners.statements.InvokeMethod.evaluate(InvokeMethod.java:17)
	at org.junit.internal.runners.statements.RunBefores.evaluate(RunBefores.java:26)
	at org.junit.internal.runners.statements.RunAfters.evaluate(RunAfters.java:27)
	at org.junit.runners.ParentRunner$3.evaluate(ParentRunner.java:306)
	at org.junit.runners.BlockJUnit4ClassRunner$1.evaluate(BlockJUnit4ClassRunner.java:100)
	at org.junit.runners.ParentRunner.runLeaf(ParentRunner.java:366)
	at org.junit.runners.BlockJUnit4ClassRunner.runChild(BlockJUnit4ClassRunner.java:103)
	at org.junit.runners.BlockJUnit4ClassRunner.runChild(BlockJUnit4ClassRunner.java:63)
	at org.junit.runners.ParentRunner$4.run(ParentRunner.java:331)
	at org.junit.runners.ParentRunner$1.schedule(ParentRunner.java:79)
	at org.junit.runners.ParentRunner.runChildren(ParentRunner.java:329)
	at org.junit.runners.ParentRunner.access$100(ParentRunner.java:66)
	at org.junit.runners.ParentRunner$2.evaluate(ParentRunner.java:293)
	at org.junit.runners.ParentRunner$3.evaluate(ParentRunner.java:306)
	at org.junit.runners.ParentRunner.run(ParentRunner.java:413)
	at org.apache.maven.surefire.junit4.JUnit4Provider.execute(JUnit4Provider.java:316)
	at org.apache.maven.surefire.junit4.JUnit4Provider.executeWithRerun(JUnit4Provider.java:240)
	at org.apache.maven.surefire.junit4.JUnit4Provider.executeTestSet(JUnit4Provider.java:214)
	at org.apache.maven.surefire.junit4.JUnit4Provider.invoke(JUnit4Provider.java:155)
	at org.apache.maven.surefire.booter.ForkedBooter.runSuitesInProcess(ForkedBooter.java:385)
	at org.apache.maven.surefire.booter.ForkedBooter.execute(ForkedBooter.java:162)
	at org.apache.maven.surefire.booter.ForkedBooter.run(ForkedBooter.java:507)
	at org.apache.maven.surefire.booter.ForkedBooter.main(ForkedBooter.java:495)
]]></system-err>
  </testcase>
  <testcase name="testAddEdge" classname="GraphParserTest" time="0.001">
    <system-out><![CDATA[Output DOT file path: /Users/kevinjohnson/Downloads/CSE-464-2023-kljohn71-main/CSE-464-2023-kljohn71-1/CSE464-Part1/test/output_graph.dot
]]></system-out>
  </testcase>
  <testcase name="testAddNode" classname="GraphParserTest" time="0.0">
    <system-out><![CDATA[Output DOT file path: /Users/kevinjohnson/Downloads/CSE-464-2023-kljohn71-main/CSE-464-2023-kljohn71-1/CSE464-Part1/test/output_graph.dot
]]></system-out>
  </testcase>
  <testcase name="testRemoveNodes" classname="GraphParserTest" time="0.0">
    <system-out><![CDATA[Output DOT file path: /Users/kevinjohnson/Downloads/CSE-464-2023-kljohn71-main/CSE-464-2023-kljohn71-1/CSE464-Part1/test/output_graph.dot
]]></system-out>
  </testcase>
  <testcase name="testAddNodes" classname="GraphParserTest" time="0.0">
    <system-out><![CDATA[Output DOT file path: /Users/kevinjohnson/Downloads/CSE-464-2023-kljohn71-main/CSE-464-2023-kljohn71-1/CSE464-Part1/test/output_graph.dot
]]></system-out>
  </testcase>
  <testcase name="testRemoveEdge" classname="GraphParserTest" time="0.002">
    <system-out><![CDATA[Output DOT file path: /Users/kevinjohnson/Downloads/CSE-464-2023-kljohn71-main/CSE-464-2023-kljohn71-1/CSE464-Part1/test/output_graph.dot
]]></system-out>
  </testcase>
  <testcase name="testRemoveNode" classname="GraphParserTest" time="0.0">
    <system-out><![CDATA[Output DOT file path: /Users/kevinjohnson/Downloads/CSE-464-2023-kljohn71-main/CSE-464-2023-kljohn71-1/CSE464-Part1/test/output_graph.dot
]]></system-out>
  </testcase>
  <testcase name="testOutputGraphWithExpectedFile" classname="GraphParserTest" time="0.0">
    <system-out><![CDATA[Output DOT file path: /Users/kevinjohnson/Downloads/CSE-464-2023-kljohn71-main/CSE-464-2023-kljohn71-1/CSE464-Part1/test/output_graph.dot
]]></system-out>
  </testcase>
  <testcase name="testRemoveNonExistentEdge" classname="GraphParserTest" time="0.003">
    <system-out><![CDATA[Output DOT file path: /Users/kevinjohnson/Downloads/CSE-464-2023-kljohn71-main/CSE-464-2023-kljohn71-1/CSE464-Part1/test/output_graph.dot
]]></system-out>
  </testcase>
  <testcase name="testRemoveNonExistentNode" classname="GraphParserTest" time="0.0">
    <system-out><![CDATA[Output DOT file path: /Users/kevinjohnson/Downloads/CSE-464-2023-kljohn71-main/CSE-464-2023-kljohn71-1/CSE464-Part1/test/output_graph.dot
]]></system-out>
  </testcase>
  <testcase name="testRemoveNonExistentNodes" classname="GraphParserTest" time="0.0">
    <system-out><![CDATA[Output DOT file path: /Users/kevinjohnson/Downloads/CSE-464-2023-kljohn71-main/CSE-464-2023-kljohn71-1/CSE464-Part1/test/output_graph.dot
]]></system-out>
  </testcase>
</testsuite>