<?xml version="1.0" encoding="UTF-8"?>
<testsuite xmlns:xsi="http://www.w3.org/2001/XMLSchema-instance" xsi:noNamespaceSchemaLocation="https://maven.apache.org/surefire/maven-surefire-plugin/xsd/surefire-test-report-3.0.xsd" version="3.0" name="StackTest" time="0.024" tests="2" errors="0" skipped="0" failures="0">
  <properties>
    <property name="java.specification.version" value="17"/>
    <property name="sun.jnu.encoding" value="UTF-8"/>
    <property name="java.class.path" value="/Users/kevinjohnson/IdeaProjects/CSE464-Part1/target/test-classes:/Users/kevinjohnson/IdeaProjects/CSE464-Part1/target/classes:/Users/kevinjohnson/.m2/repository/guru/nidi/graphviz-java/0.18.1/graphviz-java-0.18.1.jar:/Users/kevinjohnson/.m2/repository/org/webjars/npm/viz.js-graphviz-java/2.1.3/viz.js-graphviz-java-2.1.3.jar:/Users/kevinjohnson/.m2/repository/guru/nidi/com/kitfox/svgSalamander/1.1.3/svgSalamander-1.1.3.jar:/Users/kevinjohnson/.m2/repository/net/arnx/nashorn-promise/0.1.1/nashorn-promise-0.1.1.jar:/Users/kevinjohnson/.m2/repository/org/apache/commons/commons-exec/1.3/commons-exec-1.3.jar:/Users/kevinjohnson/.m2/repository/com/google/code/findbugs/jsr305/3.0.2/jsr305-3.0.2.jar:/Users/kevinjohnson/.m2/repository/org/slf4j/jcl-over-slf4j/1.7.30/jcl-over-slf4j-1.7.30.jar:/Users/kevinjohnson/.m2/repository/org/slf4j/jul-to-slf4j/1.7.30/jul-to-slf4j-1.7.30.jar:/Users/kevinjohnson/.m2/repository/guru/nidi/com/eclipsesource/j2v8/j2v8_macosx_x86_64/4.6.0/j2v8_macosx_x86_64-4.6.0.jar:/Users/kevinjohnson/.m2/repository/org/slf4j/slf4j-api/1.7.30/slf4j-api-1.7.30.jar:/Users/kevinjohnson/.m2/repository/junit/junit/4.13.1/junit-4.13.1.jar:/Users/kevinjohnson/.m2/repository/org/hamcrest/hamcrest-core/1.3/hamcrest-core-1.3.jar:"/>
    <property name="java.vm.vendor" value="Oracle Corporation"/>
    <property name="sun.arch.data.model" value="64"/>
    <property name="java.vendor.url" value="https://java.oracle.com/"/>
    <property name="os.name" value="Mac OS X"/>
    <property name="java.vm.specification.version" value="17"/>
    <property name="sun.java.launcher" value="SUN_STANDARD"/>
    <property name="user.country" value="US"/>
    <property name="sun.boot.library.path" value="/Library/Java/JavaVirtualMachines/jdk-17.jdk/Contents/Home/lib"/>
    <property name="sun.java.command" value="/Users/kevinjohnson/IdeaProjects/CSE464-Part1/target/surefire/surefirebooter-20231010170550473_3.jar /Users/kevinjohnson/IdeaProjects/CSE464-Part1/target/surefire 2023-10-10T17-05-50_434-jvmRun1 surefire-20231010170550473_1tmp surefire_0-20231010170550473_2tmp"/>
    <property name="http.nonProxyHosts" value="local|*.local|169.254/16|*.169.254/16"/>
    <property name="jdk.debug" value="release"/>
    <property name="surefire.test.class.path" value="/Users/kevinjohnson/IdeaProjects/CSE464-Part1/target/test-classes:/Users/kevinjohnson/IdeaProjects/CSE464-Part1/target/classes:/Users/kevinjohnson/.m2/repository/guru/nidi/graphviz-java/0.18.1/graphviz-java-0.18.1.jar:/Users/kevinjohnson/.m2/repository/org/webjars/npm/viz.js-graphviz-java/2.1.3/viz.js-graphviz-java-2.1.3.jar:/Users/kevinjohnson/.m2/repository/guru/nidi/com/kitfox/svgSalamander/1.1.3/svgSalamander-1.1.3.jar:/Users/kevinjohnson/.m2/repository/net/arnx/nashorn-promise/0.1.1/nashorn-promise-0.1.1.jar:/Users/kevinjohnson/.m2/repository/org/apache/commons/commons-exec/1.3/commons-exec-1.3.jar:/Users/kevinjohnson/.m2/repository/com/google/code/findbugs/jsr305/3.0.2/jsr305-3.0.2.jar:/Users/kevinjohnson/.m2/repository/org/slf4j/jcl-over-slf4j/1.7.30/jcl-over-slf4j-1.7.30.jar:/Users/kevinjohnson/.m2/repository/org/slf4j/jul-to-slf4j/1.7.30/jul-to-slf4j-1.7.30.jar:/Users/kevinjohnson/.m2/repository/guru/nidi/com/eclipsesource/j2v8/j2v8_macosx_x86_64/4.6.0/j2v8_macosx_x86_64-4.6.0.jar:/Users/kevinjohnson/.m2/repository/org/slf4j/slf4j-api/1.7.30/slf4j-api-1.7.30.jar:/Users/kevinjohnson/.m2/repository/junit/junit/4.13.1/junit-4.13.1.jar:/Users/kevinjohnson/.m2/repository/org/hamcrest/hamcrest-core/1.3/hamcrest-core-1.3.jar:"/>
    <property name="sun.cpu.endian" value="little"/>
    <property name="user.home" value="/Users/kevinjohnson"/>
    <property name="user.language" value="en"/>
    <property name="java.specification.vendor" value="Oracle Corporation"/>
    <property name="java.version.date" value="2023-07-18"/>
    <property name="java.home" value="/Library/Java/JavaVirtualMachines/jdk-17.jdk/Contents/Home"/>
    <property name="file.separator" value="/"/>
    <property name="basedir" value="/Users/kevinjohnson/IdeaProjects/CSE464-Part1"/>
    <property name="java.vm.compressedOopsMode" value="Zero based"/>
    <property name="line.separator" value="&#10;"/>
    <property name="java.specification.name" value="Java Platform API Specification"/>
    <property name="java.vm.specification.vendor" value="Oracle Corporation"/>
    <property name="surefire.real.class.path" value="/Users/kevinjohnson/IdeaProjects/CSE464-Part1/target/surefire/surefirebooter-20231010170550473_3.jar"/>
    <property name="sun.management.compiler" value="HotSpot 64-Bit Tiered Compilers"/>
    <property name="ftp.nonProxyHosts" value="local|*.local|169.254/16|*.169.254/16"/>
    <property name="java.runtime.version" value="17.0.8+9-LTS-211"/>
    <property name="user.name" value="kevinjohnson"/>
    <property name="path.separator" value=":"/>
    <property name="os.version" value="13.4.1"/>
    <property name="java.runtime.name" value="Java(TM) SE Runtime Environment"/>
    <property name="file.encoding" value="UTF-8"/>
    <property name="java.vm.name" value="Java HotSpot(TM) 64-Bit Server VM"/>
    <property name="localRepository" value="/Users/kevinjohnson/.m2/repository"/>
    <property name="java.vendor.url.bug" value="https://bugreport.java.com/bugreport/"/>
    <property name="java.io.tmpdir" value="/var/folders/_6/grbx41nj2dzg2c3rppfmnkm00000gp/T/"/>
    <property name="idea.version" value="2023.2.2"/>
    <property name="java.version" value="17.0.8"/>
    <property name="user.dir" value="/Users/kevinjohnson/IdeaProjects/CSE464-Part1"/>
    <property name="os.arch" value="aarch64"/>
    <property name="java.vm.specification.name" value="Java Virtual Machine Specification"/>
    <property name="native.encoding" value="UTF-8"/>
    <property name="java.library.path" value="/Users/kevinjohnson/Library/Java/Extensions:/Library/Java/Extensions:/Network/Library/Java/Extensions:/System/Library/Java/Extensions:/usr/lib/java:."/>
    <property name="java.vm.info" value="mixed mode, sharing"/>
    <property name="java.vendor" value="Oracle Corporation"/>
    <property name="java.vm.version" value="17.0.8+9-LTS-211"/>
    <property name="sun.io.unicode.encoding" value="UnicodeBig"/>
    <property name="socksNonProxyHosts" value="local|*.local|169.254/16|*.169.254/16"/>
    <property name="java.class.version" value="61.0"/>
  </properties>
  <testcase name="testEmpty" classname="StackTest" time="0.002">
    <system-out><![CDATA[this is teardown
]]></system-out>
  </testcase>
  <testcase name="testPush" classname="StackTest" time="0">
    <system-out><![CDATA[this is teardown
]]></system-out>
  </testcase>
</testsuite>